TN:
SF:/Users/nick/Desktop/nick_cunningham/git/url-shortener-from-asgard-client/src/setupTests.js
FNF:0
FNH:0
DA:9,0
LF:1
LH:0
BRF:0
BRH:0
end_of_record
TN:
SF:/Users/nick/Desktop/nick_cunningham/git/url-shortener-from-asgard-client/src/api/corsFetch.js
FN:1,(anonymous_0)
FNF:1
FNH:0
FNDA:0,(anonymous_0)
DA:1,0
DA:2,0
DA:3,0
DA:10,0
LF:4
LH:0
BRF:0
BRH:0
end_of_record
TN:
SF:/Users/nick/Desktop/nick_cunningham/git/url-shortener-from-asgard-client/src/api/createNewUrlPair.js
FN:2,(anonymous_0)
FNF:1
FNH:0
FNDA:0,(anonymous_0)
DA:2,0
DA:3,0
DA:7,0
LF:3
LH:0
BRF:0
BRH:0
end_of_record
TN:
SF:/Users/nick/Desktop/nick_cunningham/git/url-shortener-from-asgard-client/src/api/createUser.js
FN:3,(anonymous_0)
FNF:1
FNH:0
FNDA:0,(anonymous_0)
DA:3,0
DA:4,0
DA:6,0
LF:3
LH:0
BRF:0
BRH:0
end_of_record
TN:
SF:/Users/nick/Desktop/nick_cunningham/git/url-shortener-from-asgard-client/src/api/getRemainingWordsCount.js
FN:3,(anonymous_0)
FNF:1
FNH:0
FNDA:0,(anonymous_0)
DA:3,0
DA:4,0
DA:6,0
LF:3
LH:0
BRF:0
BRH:0
end_of_record
TN:
SF:/Users/nick/Desktop/nick_cunningham/git/url-shortener-from-asgard-client/src/api/getUserId.js
FN:3,(anonymous_0)
FN:7,(anonymous_1)
FN:11,(anonymous_2)
FNF:3
FNH:0
FNDA:0,(anonymous_0)
FNDA:0,(anonymous_1)
FNDA:0,(anonymous_2)
DA:3,0
DA:4,0
DA:7,0
DA:8,0
DA:11,0
DA:12,0
DA:14,0
DA:15,0
DA:17,0
DA:18,0
DA:21,0
LF:11
LH:0
BRDA:14,0,0,0
BRDA:14,0,1,0
BRF:2
BRH:0
end_of_record
TN:
SF:/Users/nick/Desktop/nick_cunningham/git/url-shortener-from-asgard-client/src/api/getUserProfile.js
FN:3,(anonymous_0)
FNF:1
FNH:0
FNDA:0,(anonymous_0)
DA:3,0
DA:4,0
DA:6,0
LF:3
LH:0
BRF:0
BRH:0
end_of_record
TN:
SF:/Users/nick/Desktop/nick_cunningham/git/url-shortener-from-asgard-client/src/components/SubmitUrl.js
FNF:0
FNH:0
LF:0
LH:0
BRF:0
BRH:0
end_of_record
